[LOG] System::create                           :     Header version = 2.01.07. Current version = 2.01.07.
[LOG] Manager::init                            :     maxchannels = 256 studioflags = 00000006 flags 00000000 extradriverdata 0000000000000000.
[LOG] SystemI::init                            :     Initialize version=20107 (113487), maxchannels=256, flags=0x00020000
[LOG] SystemI::setOutputInternal               :     Setting output to 'FMOD WASAPI Output'
[LOG] OutputWASAPI::init                       :     Mix Format (WAVEFORMATEX): wFormatTag=0xFFFE, nChannels=2, nSamplesPerSec=48000, nAvgBytesPerSec=384000, nBlockAlign=8, wBitsPerSample=32, cbSize=22.
[LOG] OutputWASAPI::init                       :     Mix Format (WAVEFORMATEXTENSIBLE): wValidBitsPerSample=32, dwChannelMask=0x00000003, SubFormat=00000003-0000-0010-8000-00AA00389B71.
[LOG] OutputWASAPI::init                       :     Output buffer size: 4096 samples, latency: 0.00ms, period: 10.00ms, DSP buffer: 1024 * 4
[LOG] Thread::initThread                       :     Init FMOD stream thread. Affinity: 0x8000000000000003, Priority: 0xFFFF7FFB, Stack Size: 98304, Semaphore: No, Sleep Time: 10, Looping: Yes.
[LOG] Thread::initThread                       :     Init FMOD mixer thread. Affinity: 0x8000000000000001, Priority: 0xFFFF7FFA, Stack Size: 81920, Semaphore: No, Sleep Time: 0, Looping: Yes.
[LOG] AsyncManager::init                       :     manager 000002B90F9A5608 isAsync 0 updatePeriod 0.02
[LOG] AsyncManager::init                       :     done
[LOG] PlaybackSystem::init                     :     
[LOG] Thread::initThread                       :     Init FMOD Studio sample load thread. Affinity: 0x8000000000000003, Priority: 0xFFFF7FFD, Stack Size: 98304, Semaphore: No, Sleep Time: 1, Looping: No.
[LOG] PlaybackSystem::init                     :     done
[LOG] Thread::initThread                       :     Init FMOD Studio bank load thread. Affinity: 0x8000000000000003, Priority: 0xFFFF7FFD, Stack Size: 98304, Semaphore: No, Sleep Time: 1, Looping: No.
[LOG] Manager::init                            :     done.
[LOG] Manager::readBank                        :     fileversion = 135, compatVersion = 132 (oldest = 44, newest = 135)
[LOG] AsyncThread::threadFunc                  :     Starting Asynchronous operation on sound 000002B90F940448
[LOG] AsyncThread::threadFunc                  :     Finished Asynchronous operation on sound 000002B90F940448
[LOG] SystemI::createSound                     :     filename = FMOD/Desktop/Master.bank : mode 02010082
[LOG] SystemI::createSound                     :     FMOD_NONBLOCKING specified.  Putting into queue to be opened asynchronously!
[LOG] SystemI::createSound                     :     setdata soundi = 000002B93074DAC8 : node = 000002B9101D6C10
[LOG] SystemI::createSound                     :     add node to async list : head = 000002B9192E1C48.  list count = 0
[LOG] AsyncThread::threadFunc                  :     Starting Asynchronous operation on sound 000002B93074DAC8
[LOG] SystemI::createSoundInternal             : Create name='FMOD/Desktop/Master.bank', mode=0x02010082
[LOG] SystemI::createSoundInternal             : exinfo->cbsize             = 224
[LOG] SystemI::createSoundInternal             : exinfo->length             = 217824
[LOG] SystemI::createSoundInternal             : exinfo->fileoffset         = 8832
[LOG] SystemI::createSoundInternal             : exinfo->numsubsounds       = 1
[LOG] SystemI::createSoundInternal             : exinfo->inclusionlist      = 000002B9101D6D20
[LOG] SystemI::createSoundInternal             : exinfo->inclusionlistnum   = 1
[LOG] SystemI::createSoundInternal             : exinfo->suggestedsoundtype = 5
[LOG] SystemI::createSoundInternal             : exinfo->initialseekpostype = 1
[LOG] SystemI::createSoundInternal             : Stream 0/1: name='footsteps', format=5, channels=2, frequency=48000, lengthbytes=162496, lengthpcm=955008, pcmblocksize=0, loopstart=0, loopend=0, mode=0x00000000, channelmask=0x00000000, channelorder=0, peakvolume=0.132172.
[LOG] AsyncThread::threadFunc                  :     Finished Asynchronous operation on sound 000002B93074DAC8
[LOG] SystemI::createSound                     :     filename = FMOD/Desktop/Master.bank : mode 02010082
[LOG] SystemI::createSound                     :     FMOD_NONBLOCKING specified.  Putting into queue to be opened asynchronously!
[LOG] SystemI::createSound                     :     setdata soundi = 000002B8B40EC078 : node = 000002B9101D6990
[LOG] SystemI::createSound                     :     add node to async list : head = 000002B9192E1C48.  list count = 0
[LOG] AsyncThread::threadFunc                  :     Starting Asynchronous operation on sound 000002B8B40EC078
[LOG] SystemI::createSoundInternal             : Create name='FMOD/Desktop/Master.bank', mode=0x02010082
[LOG] SystemI::createSoundInternal             : exinfo->cbsize             = 224
[LOG] SystemI::createSoundInternal             : exinfo->length             = 217824
[LOG] SystemI::createSoundInternal             : exinfo->fileoffset         = 8832
[LOG] SystemI::createSoundInternal             : exinfo->numsubsounds       = 1
[LOG] SystemI::createSoundInternal             : exinfo->inclusionlist      = 000002B9101D6AA0
[LOG] SystemI::createSoundInternal             : exinfo->inclusionlistnum   = 1
[LOG] SystemI::createSoundInternal             : exinfo->suggestedsoundtype = 5
[LOG] SystemI::createSoundInternal             : exinfo->initialseekpostype = 1
[LOG] SystemI::createSoundInternal             : Create name='', mode=0x02000202
[LOG] SystemI::createSoundInternal             : exinfo->cbsize             = 224
[LOG] SystemI::createSoundInternal             : exinfo->length             = 217824
[LOG] SystemI::createSoundInternal             : exinfo->fileoffset         = 8832
[LOG] SystemI::createSoundInternal             : exinfo->numsubsounds       = 1
[LOG] SystemI::createSoundInternal             : exinfo->inclusionlist      = 000000D0597BF628
[LOG] SystemI::createSoundInternal             : exinfo->inclusionlistnum   = 1
[LOG] SystemI::createSoundInternal             : exinfo->suggestedsoundtype = 5
[LOG] SystemI::createSoundInternal             : exinfo->useropen           = 00007FF898E77B10
[LOG] SystemI::createSoundInternal             : exinfo->userclose          = 00007FF898E77AE0
[LOG] SystemI::createSoundInternal             : exinfo->userread           = 00007FF898E77BE0
[LOG] SystemI::createSoundInternal             : exinfo->userseek           = 00007FF898E77CA0
[LOG] SystemI::createSoundInternal             : exinfo->fileuserdata       = 000002B85473A8A8
[LOG] SystemI::createSoundInternal             : exinfo->initialseekpostype = 1
[LOG] SystemI::DSPCodecPoolRegister            : register codec pool for pool type 5
[LOG] SystemI::createSoundInternal             : Stream 0/1: name='footsteps', format=5, channels=2, frequency=48000, lengthbytes=162496, lengthpcm=955008, pcmblocksize=0, loopstart=0, loopend=0, mode=0x00000000, channelmask=0x00000000, channelorder=0, peakvolume=0.132172.
[LOG] SystemI::createSoundInternal             : Sample 0/1: name='Hellephant Death', format=5, channels=2, frequency=48000, lengthbytes=14592, lengthpcm=60882, pcmblocksize=0, loopstart=0, loopend=0, mode=0x00000000, channelmask=0x00000000, channelorder=0, peakvolume=0.730316.
[LOG] SystemI::createSoundInternal             : Create name='', mode=0x02000202
[LOG] SystemI::createSoundInternal             : exinfo->cbsize             = 224
[LOG] SystemI::createSoundInternal             : exinfo->length             = 217824
[LOG] SystemI::createSoundInternal             : exinfo->fileoffset         = 8832
[LOG] SystemI::createSoundInternal             : exinfo->numsubsounds       = 1
[LOG] SystemI::createSoundInternal             : exinfo->inclusionlist      = 000000D0597BF628
[LOG] SystemI::createSoundInternal             : exinfo->inclusionlistnum   = 1
[LOG] SystemI::createSoundInternal             : exinfo->suggestedsoundtype = 5
[LOG] SystemI::createSoundInternal             : exinfo->useropen           = 00007FF898E77B10
[LOG] SystemI::createSoundInternal             : exinfo->userclose          = 00007FF898E77AE0
[LOG] SystemI::createSoundInternal             : exinfo->userread           = 00007FF898E77BE0
[LOG] SystemI::createSoundInternal             : exinfo->userseek           = 00007FF898E77CA0
[LOG] SystemI::createSoundInternal             : exinfo->fileuserdata       = 000002B85473A8A8
[LOG] SystemI::createSoundInternal             : exinfo->initialseekpostype = 1
[LOG] SystemI::DSPCodecPoolRegister            : register codec pool for pool type 5
[LOG] SystemI::createSoundInternal             : Sample 0/1: name='ZomBunny Death', format=5, channels=2, frequency=48000, lengthbytes=13664, lengthpcm=49753, pcmblocksize=0, loopstart=0, loopend=0, mode=0x00000000, channelmask=0x00000000, channelorder=0, peakvolume=0.163208.
[LOG] SystemI::createSoundInternal             : Create name='', mode=0x02000202
[LOG] SystemI::createSoundInternal             : exinfo->cbsize             = 224
[LOG] SystemI::createSoundInternal             : exinfo->length             = 217824
[LOG] SystemI::createSoundInternal             : exinfo->fileoffset         = 8832
[LOG] SystemI::createSoundInternal             : exinfo->numsubsounds       = 1
[LOG] SystemI::createSoundInternal             : exinfo->inclusionlist      = 000000D0597BF628
[LOG] SystemI::createSoundInternal             : exinfo->inclusionlistnum   = 1
[LOG] SystemI::createSoundInternal             : exinfo->suggestedsoundtype = 5
[LOG] SystemI::createSoundInternal             : exinfo->useropen           = 00007FF898E77B10
[LOG] SystemI::createSoundInternal             : exinfo->userclose          = 00007FF898E77AE0
[LOG] SystemI::createSoundInternal             : exinfo->userread           = 00007FF898E77BE0
[LOG] SystemI::createSoundInternal             : exinfo->userseek           = 00007FF898E77CA0
[LOG] SystemI::createSoundInternal             : exinfo->fileuserdata       = 000002B85473A8A8
[LOG] SystemI::createSoundInternal             : exinfo->initialseekpostype = 1
[LOG] SystemI::DSPCodecPoolRegister            : register codec pool for pool type 5
[LOG] SystemI::createSoundInternal             : Sample 0/1: name='Hellephant Hurt', format=5, channels=2, frequency=48000, lengthbytes=4864, lengthpcm=17147, pcmblocksize=0, loopstart=0, loopend=0, mode=0x00000000, channelmask=0x00000000, channelorder=0, peakvolume=0.690369.
[LOG] AsyncThread::threadFunc                  :     Finished Asynchronous operation on sound 000002B8B40EC078
[LOG] SystemI::createSound                     :     filename = FMOD/Desktop/Master.bank : mode 02010082
[LOG] SystemI::createSound                     :     FMOD_NONBLOCKING specified.  Putting into queue to be opened asynchronously!
[LOG] SystemI::createSound                     :     setdata soundi = 000002B8B40EC588 : node = 000002B9101D6E90
[LOG] SystemI::createSound                     :     add node to async list : head = 000002B9192E1C48.  list count = 0
[LOG] AsyncThread::threadFunc                  :     Starting Asynchronous operation on sound 000002B8B40EC588
[LOG] SystemI::createSoundInternal             : Create name='FMOD/Desktop/Master.bank', mode=0x02010082
[LOG] SystemI::createSoundInternal             : exinfo->cbsize             = 224
[LOG] SystemI::createSoundInternal             : exinfo->length             = 217824
[LOG] SystemI::createSoundInternal             : exinfo->fileoffset         = 8832
[LOG] SystemI::createSoundInternal             : exinfo->numsubsounds       = 1
[LOG] SystemI::createSoundInternal             : exinfo->inclusionlist      = 000002B9101D6FA0
[LOG] SystemI::createSoundInternal             : exinfo->inclusionlistnum   = 1
[LOG] SystemI::createSoundInternal             : exinfo->suggestedsoundtype = 5
[LOG] SystemI::createSoundInternal             : exinfo->initialseekpostype = 1
[LOG] SystemI::createSoundInternal             : Stream 0/1: name='footsteps', format=5, channels=2, frequency=48000, lengthbytes=162496, lengthpcm=955008, pcmblocksize=0, loopstart=0, loopend=0, mode=0x00000000, channelmask=0x00000000, channelorder=0, peakvolume=0.132172.
[LOG] AsyncThread::threadFunc                  :     Finished Asynchronous operation on sound 000002B8B40EC588
[LOG] SoundI::release                          :     footsteps (000002B90CFDDAC8)
[LOG] SoundI::release                          : footsteps (000002B8B450D5D8)
[LOG] SoundI::release                          : footsteps (000002B90F940448)
[LOG] AsyncThread::threadFunc                  :     Starting Asynchronous operation on sound 000002B90F9400E8
[LOG] AsyncThread::threadFunc                  :     Finished Asynchronous operation on sound 000002B90F9400E8
[LOG] SystemI::createSound                     :     filename = FMOD/Desktop/Master.bank : mode 02010082
[LOG] SystemI::createSound                     :     FMOD_NONBLOCKING specified.  Putting into queue to be opened asynchronously!
[LOG] SystemI::createSound                     :     setdata soundi = 000002B8B58F8378 : node = 000002B9101D60D0
[LOG] SystemI::createSound                     :     add node to async list : head = 000002B9192E1C48.  list count = 0
[LOG] AsyncThread::threadFunc                  :     Starting Asynchronous operation on sound 000002B8B58F8378
[LOG] SystemI::createSoundInternal             : Create name='FMOD/Desktop/Master.bank', mode=0x02010082
[LOG] SystemI::createSoundInternal             : exinfo->cbsize             = 224
[LOG] SystemI::createSoundInternal             : exinfo->length             = 217824
[LOG] SystemI::createSoundInternal             : exinfo->fileoffset         = 8832
[LOG] SystemI::createSoundInternal             : exinfo->numsubsounds       = 1
[LOG] SystemI::createSoundInternal             : exinfo->inclusionlist      = 000002B9101D61E0
[LOG] SystemI::createSoundInternal             : exinfo->inclusionlistnum   = 1
[LOG] SystemI::createSoundInternal             : exinfo->suggestedsoundtype = 5
[LOG] SystemI::createSoundInternal             : exinfo->initialseekpostype = 1
[LOG] SystemI::createSoundInternal             : Stream 0/1: name='footsteps', format=5, channels=2, frequency=48000, lengthbytes=162496, lengthpcm=955008, pcmblocksize=0, loopstart=0, loopend=0, mode=0x00000000, channelmask=0x00000000, channelorder=0, peakvolume=0.132172.
[LOG] AsyncThread::threadFunc                  :     Finished Asynchronous operation on sound 000002B8B58F8378
[LOG] SystemI::createSound                     :     filename = FMOD/Desktop/Master.bank : mode 02010082
[LOG] SystemI::createSound                     :     FMOD_NONBLOCKING specified.  Putting into queue to be opened asynchronously!
[LOG] SystemI::createSound                     :     setdata soundi = 000002B8B58F7E68 : node = 000002B9101D6850
[LOG] SystemI::createSound                     :     add node to async list : head = 000002B9192E1C48.  list count = 0
[LOG] AsyncThread::threadFunc                  :     Starting Asynchronous operation on sound 000002B8B58F7E68
[LOG] SystemI::createSoundInternal             : Create name='FMOD/Desktop/Master.bank', mode=0x02010082
[LOG] SystemI::createSoundInternal             : exinfo->cbsize             = 224
[LOG] SystemI::createSoundInternal             : exinfo->length             = 217824
[LOG] SystemI::createSoundInternal             : exinfo->fileoffset         = 8832
[LOG] SystemI::createSoundInternal             : exinfo->numsubsounds       = 1
[LOG] SystemI::createSoundInternal             : exinfo->inclusionlist      = 000002B9101D6960
[LOG] SystemI::createSoundInternal             : exinfo->inclusionlistnum   = 1
[LOG] SystemI::createSoundInternal             : exinfo->suggestedsoundtype = 5
[LOG] SystemI::createSoundInternal             : exinfo->initialseekpostype = 1
[LOG] SystemI::createSoundInternal             : Stream 0/1: name='footsteps', format=5, channels=2, frequency=48000, lengthbytes=162496, lengthpcm=955008, pcmblocksize=0, loopstart=0, loopend=0, mode=0x00000000, channelmask=0x00000000, channelorder=0, peakvolume=0.132172.
[LOG] AsyncThread::threadFunc                  :     Finished Asynchronous operation on sound 000002B8B58F7E68
[LOG] SystemI::createSound                     :     filename = FMOD/Desktop/Master.bank : mode 02010082
[LOG] SystemI::createSound                     :     FMOD_NONBLOCKING specified.  Putting into queue to be opened asynchronously!
[LOG] SystemI::createSound                     :     setdata soundi = 000002B930972EA8 : node = 000002B9101D6D50
[LOG] SystemI::createSound                     :     add node to async list : head = 000002B9192E1C48.  list count = 0
[LOG] AsyncThread::threadFunc                  :     Starting Asynchronous operation on sound 000002B930972EA8
[LOG] SystemI::createSoundInternal             : Create name='FMOD/Desktop/Master.bank', mode=0x02010082
[LOG] SystemI::createSoundInternal             : exinfo->cbsize             = 224
[LOG] SystemI::createSoundInternal             : exinfo->length             = 217824
[LOG] SystemI::createSoundInternal             : exinfo->fileoffset         = 8832
[LOG] SystemI::createSoundInternal             : exinfo->numsubsounds       = 1
[LOG] SystemI::createSoundInternal             : exinfo->inclusionlist      = 000002B9101D6E60
[LOG] SystemI::createSoundInternal             : exinfo->inclusionlistnum   = 1
[LOG] SystemI::createSoundInternal             : exinfo->suggestedsoundtype = 5
[LOG] SystemI::createSoundInternal             : exinfo->initialseekpostype = 1
[LOG] SystemI::createSoundInternal             : Stream 0/1: name='footsteps', format=5, channels=2, frequency=48000, lengthbytes=162496, lengthpcm=955008, pcmblocksize=0, loopstart=0, loopend=0, mode=0x00000000, channelmask=0x00000000, channelorder=0, peakvolume=0.132172.
[LOG] AsyncThread::threadFunc                  :     Finished Asynchronous operation on sound 000002B930972EA8
[LOG] SoundI::release                          :     footsteps (000002B93074DAC8)
[LOG] SoundI::release                          : footsteps (000002B8B1B73558)
[LOG] SoundI::release                          : footsteps (000002B90F940298)
[LOG] SystemI::createSound                     :     filename = FMOD/Desktop/Master.bank : mode 02010082
[LOG] SystemI::createSound                     :     FMOD_NONBLOCKING specified.  Putting into queue to be opened asynchronously!
[LOG] SystemI::createSound                     :     setdata soundi = 000002B930973208 : node = 000002B9101D6710
[LOG] SystemI::createSound                     :     add node to async list : head = 000002B9192E1C48.  list count = 0
[LOG] AsyncThread::threadFunc                  :     Starting Asynchronous operation on sound 000002B930973208
[LOG] SystemI::createSoundInternal             : Create name='FMOD/Desktop/Master.bank', mode=0x02010082
[LOG] SystemI::createSoundInternal             : exinfo->cbsize             = 224
[LOG] SystemI::createSoundInternal             : exinfo->length             = 217824
[LOG] SystemI::createSoundInternal             : exinfo->fileoffset         = 8832
[LOG] SystemI::createSoundInternal             : exinfo->numsubsounds       = 1
[LOG] SystemI::createSoundInternal             : exinfo->inclusionlist      = 000002B9101D6820
[LOG] SystemI::createSoundInternal             : exinfo->inclusionlistnum   = 1
[LOG] SystemI::createSoundInternal             : exinfo->suggestedsoundtype = 5
[LOG] SystemI::createSoundInternal             : exinfo->initialseekpostype = 1
[LOG] SystemI::createSoundInternal             : Stream 0/1: name='footsteps', format=5, channels=2, frequency=48000, lengthbytes=162496, lengthpcm=955008, pcmblocksize=0, loopstart=0, loopend=0, mode=0x00000000, channelmask=0x00000000, channelorder=0, peakvolume=0.132172.
[LOG] AsyncThread::threadFunc                  :     Finished Asynchronous operation on sound 000002B930973208
[LOG] AsyncThread::threadFunc                  :     Starting Asynchronous operation on sound 000002B930684298
[LOG] AsyncThread::threadFunc                  :     Finished Asynchronous operation on sound 000002B930684298
[LOG] SystemI::createSound                     :     filename = FMOD/Desktop/Master.bank : mode 02010082
[LOG] SystemI::createSound                     :     FMOD_NONBLOCKING specified.  Putting into queue to be opened asynchronously!
[LOG] SystemI::createSound                     :     setdata soundi = 000002B93074D918 : node = 000002B9101D6C10
[LOG] SystemI::createSound                     :     add node to async list : head = 000002B9192E1C48.  list count = 0
[LOG] AsyncThread::threadFunc                  :     Starting Asynchronous operation on sound 000002B93074D918
[LOG] SystemI::createSoundInternal             : Create name='FMOD/Desktop/Master.bank', mode=0x02010082
[LOG] SystemI::createSoundInternal             : exinfo->cbsize             = 224
[LOG] SystemI::createSoundInternal             : exinfo->length             = 217824
[LOG] SystemI::createSoundInternal             : exinfo->fileoffset         = 8832
[LOG] SystemI::createSoundInternal             : exinfo->numsubsounds       = 1
[LOG] SystemI::createSoundInternal             : exinfo->inclusionlist      = 000002B9101D6D20
[LOG] SystemI::createSoundInternal             : exinfo->inclusionlistnum   = 1
[LOG] SystemI::createSoundInternal             : exinfo->suggestedsoundtype = 5
[LOG] SystemI::createSoundInternal             : exinfo->initialseekpostype = 1
[LOG] SystemI::createSoundInternal             : Stream 0/1: name='footsteps', format=5, channels=2, frequency=48000, lengthbytes=162496, lengthpcm=955008, pcmblocksize=0, loopstart=0, loopend=0, mode=0x00000000, channelmask=0x00000000, channelorder=0, peakvolume=0.132172.
[LOG] AsyncThread::threadFunc                  :     Finished Asynchronous operation on sound 000002B93074D918
[LOG] SoundI::release                          :     footsteps (000002B8B40EC078)
[LOG] SoundI::release                          : footsteps (000002B8B1B73078)
[LOG] SoundI::release                          : footsteps (000002B90F9400E8)
[LOG] SystemI::createSound                     :     filename = FMOD/Desktop/Master.bank : mode 02010082
[LOG] SystemI::createSound                     :     FMOD_NONBLOCKING specified.  Putting into queue to be opened asynchronously!
[LOG] SystemI::createSound                     :     setdata soundi = 000002B93074DC78 : node = 000002B9101D6210
[LOG] SystemI::createSound                     :     add node to async list : head = 000002B9192E1C48.  list count = 0
[LOG] AsyncThread::threadFunc                  :     Starting Asynchronous operation on sound 000002B93074DC78
[LOG] SystemI::createSoundInternal             : Create name='FMOD/Desktop/Master.bank', mode=0x02010082
[LOG] SystemI::createSoundInternal             : exinfo->cbsize             = 224
[LOG] SystemI::createSoundInternal             : exinfo->length             = 217824
[LOG] SystemI::createSoundInternal             : exinfo->fileoffset         = 8832
[LOG] SystemI::createSoundInternal             : exinfo->numsubsounds       = 1
[LOG] SystemI::createSoundInternal             : exinfo->inclusionlist      = 000002B9101D6320
[LOG] SystemI::createSoundInternal             : exinfo->inclusionlistnum   = 1
[LOG] SystemI::createSoundInternal             : exinfo->suggestedsoundtype = 5
[LOG] SystemI::createSoundInternal             : exinfo->initialseekpostype = 1
[LOG] SystemI::createSoundInternal             : Stream 0/1: name='footsteps', format=5, channels=2, frequency=48000, lengthbytes=162496, lengthpcm=955008, pcmblocksize=0, loopstart=0, loopend=0, mode=0x00000000, channelmask=0x00000000, channelorder=0, peakvolume=0.132172.
[LOG] AsyncThread::threadFunc                  :     Finished Asynchronous operation on sound 000002B93074DC78
[LOG] SoundI::release                          :     footsteps (000002B8B40EC588)
[LOG] SoundI::release                          : footsteps (000002B8B1B73218)
[LOG] SoundI::release                          : footsteps (000002B9306845F8)
[LOG] SoundI::release                          :     footsteps (000002B8B58F8378)
[LOG] SoundI::release                          : footsteps (000002B8B1B733B8)
[LOG] SoundI::release                          : footsteps (000002B930684448)
[LOG] SoundI::release                          :     footsteps (000002B8B58F7E68)
[LOG] SoundI::release                          : footsteps (000002B8B450D5D8)
[LOG] SoundI::release                          : footsteps (000002B9306847A8)
[LOG] SystemI::createSound                     :     filename = FMOD/Desktop/Master.bank : mode 02010082
[LOG] SystemI::createSound                     :     FMOD_NONBLOCKING specified.  Putting into queue to be opened asynchronously!
[LOG] SystemI::createSound                     :     setdata soundi = 000002B8B58F7E68 : node = 000002B9101D6490
[LOG] SystemI::createSound                     :     add node to async list : head = 000002B9192E1C48.  list count = 0
[LOG] AsyncThread::threadFunc                  :     Starting Asynchronous operation on sound 000002B8B58F7E68
[LOG] SystemI::createSoundInternal             : Create name='FMOD/Desktop/Master.bank', mode=0x02010082
[LOG] SystemI::createSoundInternal             : exinfo->cbsize             = 224
[LOG] SystemI::createSoundInternal             : exinfo->length             = 217824
[LOG] SystemI::createSoundInternal             : exinfo->fileoffset         = 8832
[LOG] SystemI::createSoundInternal             : exinfo->numsubsounds       = 1
[LOG] SystemI::createSoundInternal             : exinfo->inclusionlist      = 000002B9101D65A0
[LOG] SystemI::createSoundInternal             : exinfo->inclusionlistnum   = 1
[LOG] SystemI::createSoundInternal             : exinfo->suggestedsoundtype = 5
[LOG] SystemI::createSoundInternal             : exinfo->initialseekpostype = 1
[LOG] SystemI::createSoundInternal             : Stream 0/1: name='footsteps', format=5, channels=2, frequency=48000, lengthbytes=162496, lengthpcm=955008, pcmblocksize=0, loopstart=0, loopend=0, mode=0x00000000, channelmask=0x00000000, channelorder=0, peakvolume=0.132172.
[LOG] AsyncThread::threadFunc                  :     Finished Asynchronous operation on sound 000002B8B58F7E68
[LOG] SoundI::release                          :     footsteps (000002B930972EA8)
[LOG] SoundI::release                          : footsteps (000002B8FE864448)
[LOG] SoundI::release                          : footsteps (000002B930684298)
[LOG] SystemI::createSound                     :     filename = FMOD/Desktop/Master.bank : mode 02010082
[LOG] SystemI::createSound                     :     FMOD_NONBLOCKING specified.  Putting into queue to be opened asynchronously!
[LOG] SystemI::createSound                     :     setdata soundi = 000002B8B58F81C8 : node = 000002B9101D65D0
[LOG] SystemI::createSound                     :     add node to async list : head = 000002B9192E1C48.  list count = 0
[LOG] AsyncThread::threadFunc                  :     Starting Asynchronous operation on sound 000002B8B58F81C8
[LOG] SystemI::createSoundInternal             : Create name='FMOD/Desktop/Master.bank', mode=0x02010082
[LOG] SystemI::createSoundInternal             : exinfo->cbsize             = 224
[LOG] SystemI::createSoundInternal             : exinfo->length             = 217824
[LOG] SystemI::createSoundInternal             : exinfo->fileoffset         = 8832
[LOG] SystemI::createSoundInternal             : exinfo->numsubsounds       = 1
[LOG] SystemI::createSoundInternal             : exinfo->inclusionlist      = 000002B9101D66E0
[LOG] SystemI::createSoundInternal             : exinfo->inclusionlistnum   = 1
[LOG] SystemI::createSoundInternal             : exinfo->suggestedsoundtype = 5
[LOG] SystemI::createSoundInternal             : exinfo->initialseekpostype = 1
[LOG] SystemI::createSoundInternal             : Stream 0/1: name='footsteps', format=5, channels=2, frequency=48000, lengthbytes=162496, lengthpcm=955008, pcmblocksize=0, loopstart=0, loopend=0, mode=0x00000000, channelmask=0x00000000, channelorder=0, peakvolume=0.132172.
[LOG] AsyncThread::threadFunc                  :     Finished Asynchronous operation on sound 000002B8B58F81C8
[LOG] SystemI::createSound                     :     filename = FMOD/Desktop/Master.bank : mode 02010082
[LOG] SystemI::createSound                     :     FMOD_NONBLOCKING specified.  Putting into queue to be opened asynchronously!
[LOG] SystemI::createSound                     :     setdata soundi = 000002B8B1B73588 : node = 000002B9101D6990
[LOG] SystemI::createSound                     :     add node to async list : head = 000002B9192E1C48.  list count = 0
[LOG] AsyncThread::threadFunc                  :     Starting Asynchronous operation on sound 000002B8B1B73588
[LOG] SystemI::createSoundInternal             : Create name='FMOD/Desktop/Master.bank', mode=0x02010082
[LOG] SystemI::createSoundInternal             : exinfo->cbsize             = 224
[LOG] SystemI::createSoundInternal             : exinfo->length             = 217824
[LOG] SystemI::createSoundInternal             : exinfo->fileoffset         = 8832
[LOG] SystemI::createSoundInternal             : exinfo->numsubsounds       = 1
[LOG] SystemI::createSoundInternal             : exinfo->inclusionlist      = 000002B9101D6AA0
[LOG] SystemI::createSoundInternal             : exinfo->inclusionlistnum   = 1
[LOG] SystemI::createSoundInternal             : exinfo->suggestedsoundtype = 5
[LOG] SystemI::createSoundInternal             : exinfo->initialseekpostype = 1
[LOG] SystemI::createSoundInternal             : Stream 0/1: name='footsteps', format=5, channels=2, frequency=48000, lengthbytes=162496, lengthpcm=955008, pcmblocksize=0, loopstart=0, loopend=0, mode=0x00000000, channelmask=0x00000000, channelorder=0, peakvolume=0.132172.
[LOG] AsyncThread::threadFunc                  :     Finished Asynchronous operation on sound 000002B8B1B73588
[LOG] SoundI::release                          :     footsteps (000002B930973208)
[LOG] SoundI::release                          : footsteps (000002B8FE8642A8)
[LOG] SoundI::release                          : footsteps (000002B90F940448)
[LOG] SystemI::createSound                     :     filename = FMOD/Desktop/Master.bank : mode 02010082
[LOG] SystemI::createSound                     :     FMOD_NONBLOCKING specified.  Putting into queue to be opened asynchronously!
[LOG] SystemI::createSound                     :     setdata soundi = 000002B8B1B73228 : node = 000002B9101D6850
[LOG] SystemI::createSound                     :     add node to async list : head = 000002B9192E1C48.  list count = 0
[LOG] AsyncThread::threadFunc                  :     Starting Asynchronous operation on sound 000002B8B1B73228
[LOG] SystemI::createSoundInternal             : Create name='FMOD/Desktop/Master.bank', mode=0x02010082
[LOG] SystemI::createSoundInternal             : exinfo->cbsize             = 224
[LOG] SystemI::createSoundInternal             : exinfo->length             = 217824
[LOG] SystemI::createSoundInternal             : exinfo->fileoffset         = 8832
[LOG] SystemI::createSoundInternal             : exinfo->numsubsounds       = 1
[LOG] SystemI::createSoundInternal             : exinfo->inclusionlist      = 000002B9101D6960
[LOG] SystemI::createSoundInternal             : exinfo->inclusionlistnum   = 1
[LOG] SystemI::createSoundInternal             : exinfo->suggestedsoundtype = 5
[LOG] SystemI::createSoundInternal             : exinfo->initialseekpostype = 1
[LOG] SystemI::createSoundInternal             : Stream 0/1: name='footsteps', format=5, channels=2, frequency=48000, lengthbytes=162496, lengthpcm=955008, pcmblocksize=0, loopstart=0, loopend=0, mode=0x00000000, channelmask=0x00000000, channelorder=0, peakvolume=0.132172.
[LOG] AsyncThread::threadFunc                  :     Finished Asynchronous operation on sound 000002B8B1B73228
[LOG] SoundI::release                          :     footsteps (000002B93074D918)
[LOG] SoundI::release                          : footsteps (000002B8FE8645E8)
[LOG] SoundI::release                          : footsteps (000002B90F940298)
[LOG] SoundI::release                          :     footsteps (000002B93074DC78)
[LOG] SoundI::release                          : footsteps (000002B8FE864108)
[LOG] SoundI::release                          : footsteps (000002B90F9400E8)
[LOG] SoundI::release                          :     footsteps (000002B8B58F81C8)
[LOG] SoundI::release                          : footsteps (000002B8FE864448)
[LOG] SoundI::release                          : footsteps (000002B930684298)
[LOG] SoundI::release                          :     footsteps (000002B8B58F7E68)
[LOG] SoundI::release                          : footsteps (000002B8B450D5D8)
[LOG] SoundI::release                          : footsteps (000002B930684448)
[LOG] SoundI::release                          :     footsteps (000002B8B1B73228)
[LOG] SoundI::release                          : footsteps (000002B8B40EC078)
[LOG] SoundI::release                          : footsteps (000002B9306847A8)
[LOG] SoundI::release                          :     footsteps (000002B8B1B73588)
[LOG] SoundI::release                          : footsteps (000002B8B40EC558)
[LOG] SoundI::release                          : footsteps (000002B9306845F8)
[LOG] SoundI::release                          :      (000002B8545A7638)
[LOG] SoundI::release                          : Hellephant Hurt (000002B913B9FAA8)
[LOG] SoundI::release                          :      (000002B9304F13F8)
[LOG] SoundI::release                          : Hellephant Death (000002B913B9FDE8)
[LOG] SoundI::release                          :      (000002B9304F2F48)
[LOG] SoundI::release                          : ZomBunny Death (000002B913B9F0E8)
[LOG] Thread::callback                         :     FMOD Studio update thread finished.
[LOG] Thread::callback                         :     FMOD Studio bank load thread finished.
[LOG] Profile::disconnectAll                   :     Profiler disconnecting all clients
[LOG] Thread::callback                         :     FMOD Studio sample load thread finished.
[LOG] LiveUpdate::release                      :     
[LOG] LiveUpdate::reset                        :     Reset connection (reason Disconnected)
[LOG] Thread::callback                         :     FMOD stream thread finished.
[LOG] Thread::callback                         :     FMOD mixer thread finished.
[LOG] Profile::disconnectAll                   :     Profiler disconnecting all clients
[LOG] SystemI::close                           :     Closed.
[LOG] Manager::readBank                        :     fileversion = 135, compatVersion = 132 (oldest = 44, newest = 135)
[LOG] Manager::readBank                        :     fileversion = 135, compatVersion = 132 (oldest = 44, newest = 135)
[LOG] Manager::readBank                        :     fileversion = 135, compatVersion = 132 (oldest = 44, newest = 135)
[LOG] Manager::readBank                        :     fileversion = 135, compatVersion = 132 (oldest = 44, newest = 135)
[LOG] Manager::readBank                        :     fileversion = 135, compatVersion = 132 (oldest = 44, newest = 135)
[LOG] Manager::readBank                        :     fileversion = 135, compatVersion = 132 (oldest = 44, newest = 135)
[LOG] PlaybackSystem::acquireMasterBus         :     Setting master channel group format to 6
